<?xml version="1.0" encoding="UTF-8"?>
<!-- Generated by org.testng.reporters.JUnitXMLReporter -->
<testsuite ignored="0" hostname="LD-SARDHADUTTA" failures="0" tests="5" name="Default test" time="137.298" errors="0" timestamp="2024-01-09T23:41:16 IST">
  <testcase classname="com.tutourialsninja.qa.testcases.LoginTest" name="verifyLoginWithValidCredential" time="4.137"/>
  <testcase classname="com.tutourialsninja.qa.testcases.LoginTest" name="verifyLoginWithinvalidCredential" time="3.909"/>
  <testcase classname="com.tutourialsninja.qa.testcases.LoginTest" name="verifyLoginWithInvalidEmailAndValidPassword" time="3.625"/>
  <testcase classname="com.tutourialsninja.qa.testcases.LoginTest" name="verifyLoginWithValidEmailAndInvalidPassword" time="3.837"/>
  <testcase classname="com.tutourialsninja.qa.testcases.LoginTest" name="verifyLoginWithoutProvidingCredential" time="5.032"/>
</testsuite> <!-- Default test -->
