<?xml version="1.0" encoding="UTF-8"?>
<testng-results ignored="0" total="12" passed="12" failed="0" skipped="0">
  <reporter-output>
  </reporter-output>
  <suite started-at="2023-12-07T17:08:09 IST" name="TutorialsNinja Automation Suite" finished-at="2023-12-07T17:10:06 IST" duration-ms="117005">
    <groups>
    </groups>
    <test started-at="2023-12-07T17:08:09 IST" name="TutorialsNinja Tests" finished-at="2023-12-07T17:10:06 IST" duration-ms="117005">
      <class name="com.tutourialsninja.qa.testcases.SearchTest">
        <test-method is-config="true" signature="setup()[pri:0, instance:com.tutourialsninja.qa.testcases.SearchTest@48f2bd5b]" started-at="2023-12-07T17:09:48 IST" name="setup" finished-at="2023-12-07T17:09:53 IST" duration-ms="5154" status="PASS">
          <reporter-output>
          </reporter-output>
        </test-method> <!-- setup -->
        <test-method signature="verifySearchWithValidProduct()[pri:1, instance:com.tutourialsninja.qa.testcases.SearchTest@48f2bd5b]" started-at="2023-12-07T17:09:53 IST" name="verifySearchWithValidProduct" finished-at="2023-12-07T17:09:54 IST" duration-ms="471" status="PASS">
          <reporter-output>
          </reporter-output>
        </test-method> <!-- verifySearchWithValidProduct -->
        <test-method is-config="true" signature="tearDown()[pri:0, instance:com.tutourialsninja.qa.testcases.SearchTest@48f2bd5b]" started-at="2023-12-07T17:09:54 IST" name="tearDown" finished-at="2023-12-07T17:09:54 IST" duration-ms="183" status="PASS">
          <reporter-output>
          </reporter-output>
        </test-method> <!-- tearDown -->
        <test-method is-config="true" signature="setup()[pri:0, instance:com.tutourialsninja.qa.testcases.SearchTest@48f2bd5b]" started-at="2023-12-07T17:09:54 IST" name="setup" finished-at="2023-12-07T17:09:59 IST" duration-ms="4815" status="PASS">
          <reporter-output>
          </reporter-output>
        </test-method> <!-- setup -->
        <test-method signature="verifySearchWithInvalidProduct()[pri:2, instance:com.tutourialsninja.qa.testcases.SearchTest@48f2bd5b]" started-at="2023-12-07T17:09:59 IST" name="verifySearchWithInvalidProduct" finished-at="2023-12-07T17:09:59 IST" duration-ms="411" status="PASS">
          <reporter-output>
          </reporter-output>
        </test-method> <!-- verifySearchWithInvalidProduct -->
        <test-method is-config="true" signature="tearDown()[pri:0, instance:com.tutourialsninja.qa.testcases.SearchTest@48f2bd5b]" started-at="2023-12-07T17:09:59 IST" name="tearDown" finished-at="2023-12-07T17:10:00 IST" duration-ms="178" status="PASS">
          <reporter-output>
          </reporter-output>
        </test-method> <!-- tearDown -->
        <test-method is-config="true" signature="setup()[pri:0, instance:com.tutourialsninja.qa.testcases.SearchTest@48f2bd5b]" started-at="2023-12-07T17:10:00 IST" name="setup" finished-at="2023-12-07T17:10:05 IST" duration-ms="5613" status="PASS">
          <reporter-output>
          </reporter-output>
        </test-method> <!-- setup -->
        <test-method signature="verifySearchWithoutAnyProduct()[pri:3, instance:com.tutourialsninja.qa.testcases.SearchTest@48f2bd5b]" started-at="2023-12-07T17:10:05 IST" name="verifySearchWithoutAnyProduct" finished-at="2023-12-07T17:10:05 IST" duration-ms="308" status="PASS">
          <reporter-output>
          </reporter-output>
        </test-method> <!-- verifySearchWithoutAnyProduct -->
        <test-method is-config="true" signature="tearDown()[pri:0, instance:com.tutourialsninja.qa.testcases.SearchTest@48f2bd5b]" started-at="2023-12-07T17:10:05 IST" name="tearDown" finished-at="2023-12-07T17:10:06 IST" duration-ms="210" status="PASS">
          <reporter-output>
          </reporter-output>
        </test-method> <!-- tearDown -->
      </class> <!-- com.tutourialsninja.qa.testcases.SearchTest -->
      <class name="com.tutourialsninja.qa.testcases.RegisterTest">
        <test-method is-config="true" signature="setup()[pri:0, instance:com.tutourialsninja.qa.testcases.RegisterTest@692f203f]" started-at="2023-12-07T17:08:54 IST" name="setup" finished-at="2023-12-07T17:09:00 IST" duration-ms="5511" status="PASS">
          <reporter-output>
          </reporter-output>
        </test-method> <!-- setup -->
        <test-method signature="verifyRegisteringAnAccountWithMandatoryFields()[pri:1, instance:com.tutourialsninja.qa.testcases.RegisterTest@692f203f]" started-at="2023-12-07T17:09:00 IST" name="verifyRegisteringAnAccountWithMandatoryFields" finished-at="2023-12-07T17:09:04 IST" duration-ms="4077" status="PASS">
          <reporter-output>
          </reporter-output>
        </test-method> <!-- verifyRegisteringAnAccountWithMandatoryFields -->
        <test-method is-config="true" signature="teardown()[pri:0, instance:com.tutourialsninja.qa.testcases.RegisterTest@692f203f]" started-at="2023-12-07T17:09:04 IST" name="teardown" finished-at="2023-12-07T17:09:04 IST" duration-ms="189" status="PASS">
          <reporter-output>
          </reporter-output>
        </test-method> <!-- teardown -->
        <test-method is-config="true" signature="setup()[pri:0, instance:com.tutourialsninja.qa.testcases.RegisterTest@692f203f]" started-at="2023-12-07T17:09:04 IST" name="setup" finished-at="2023-12-07T17:09:09 IST" duration-ms="5450" status="PASS">
          <reporter-output>
          </reporter-output>
        </test-method> <!-- setup -->
        <test-method signature="verifyRegisteringAccountByProvidingAllFielids()[pri:2, instance:com.tutourialsninja.qa.testcases.RegisterTest@692f203f]" started-at="2023-12-07T17:09:09 IST" name="verifyRegisteringAccountByProvidingAllFielids" finished-at="2023-12-07T17:09:13 IST" duration-ms="4050" status="PASS">
          <reporter-output>
          </reporter-output>
        </test-method> <!-- verifyRegisteringAccountByProvidingAllFielids -->
        <test-method is-config="true" signature="teardown()[pri:0, instance:com.tutourialsninja.qa.testcases.RegisterTest@692f203f]" started-at="2023-12-07T17:09:13 IST" name="teardown" finished-at="2023-12-07T17:09:14 IST" duration-ms="193" status="PASS">
          <reporter-output>
          </reporter-output>
        </test-method> <!-- teardown -->
        <test-method is-config="true" signature="setup()[pri:0, instance:com.tutourialsninja.qa.testcases.RegisterTest@692f203f]" started-at="2023-12-07T17:09:14 IST" name="setup" finished-at="2023-12-07T17:09:19 IST" duration-ms="5713" status="PASS">
          <reporter-output>
          </reporter-output>
        </test-method> <!-- setup -->
        <test-method signature="verifyRegisteringAccountWithExistingEmailAddress()[pri:3, instance:com.tutourialsninja.qa.testcases.RegisterTest@692f203f]" started-at="2023-12-07T17:09:19 IST" name="verifyRegisteringAccountWithExistingEmailAddress" finished-at="2023-12-07T17:09:23 IST" duration-ms="3953" status="PASS">
          <reporter-output>
          </reporter-output>
        </test-method> <!-- verifyRegisteringAccountWithExistingEmailAddress -->
        <test-method is-config="true" signature="teardown()[pri:0, instance:com.tutourialsninja.qa.testcases.RegisterTest@692f203f]" started-at="2023-12-07T17:09:23 IST" name="teardown" finished-at="2023-12-07T17:09:24 IST" duration-ms="197" status="PASS">
          <reporter-output>
          </reporter-output>
        </test-method> <!-- teardown -->
        <test-method is-config="true" signature="setup()[pri:0, instance:com.tutourialsninja.qa.testcases.RegisterTest@692f203f]" started-at="2023-12-07T17:09:24 IST" name="setup" finished-at="2023-12-07T17:09:30 IST" duration-ms="6106" status="PASS">
          <reporter-output>
          </reporter-output>
        </test-method> <!-- setup -->
        <test-method signature="verifyRegisteringAccountWithoutFillingAnyDetails()[pri:4, instance:com.tutourialsninja.qa.testcases.RegisterTest@692f203f]" started-at="2023-12-07T17:09:30 IST" name="verifyRegisteringAccountWithoutFillingAnyDetails" finished-at="2023-12-07T17:09:48 IST" duration-ms="18463" status="PASS">
          <reporter-output>
          </reporter-output>
        </test-method> <!-- verifyRegisteringAccountWithoutFillingAnyDetails -->
        <test-method is-config="true" signature="teardown()[pri:0, instance:com.tutourialsninja.qa.testcases.RegisterTest@692f203f]" started-at="2023-12-07T17:09:48 IST" name="teardown" finished-at="2023-12-07T17:09:48 IST" duration-ms="184" status="PASS">
          <reporter-output>
          </reporter-output>
        </test-method> <!-- teardown -->
      </class> <!-- com.tutourialsninja.qa.testcases.RegisterTest -->
      <class name="com.tutourialsninja.qa.testcases.LoginTest">
        <test-method is-config="true" signature="setup()[pri:0, instance:com.tutourialsninja.qa.testcases.LoginTest@9597028]" started-at="2023-12-07T17:08:10 IST" name="setup" finished-at="2023-12-07T17:08:16 IST" duration-ms="6128" status="PASS">
          <reporter-output>
          </reporter-output>
        </test-method> <!-- setup -->
        <test-method signature="verifyLoginWithValidCredential([Ljava.lang.Object;)[pri:1, instance:com.tutourialsninja.qa.testcases.LoginTest@9597028]" started-at="2023-12-07T17:08:16 IST" name="verifyLoginWithValidCredential" data-provider="supplyTestData" finished-at="2023-12-07T17:08:20 IST" duration-ms="3699" status="PASS">
          <params>
            <param index="0">
              <value>
                <![CDATA[[Ljava.lang.Object;@4375b013]]>
              </value>
            </param>
          </params>
          <reporter-output>
          </reporter-output>
        </test-method> <!-- verifyLoginWithValidCredential -->
        <test-method is-config="true" signature="teardown()[pri:0, instance:com.tutourialsninja.qa.testcases.LoginTest@9597028]" started-at="2023-12-07T17:08:20 IST" name="teardown" finished-at="2023-12-07T17:08:20 IST" duration-ms="242" status="PASS">
          <reporter-output>
          </reporter-output>
        </test-method> <!-- teardown -->
        <test-method is-config="true" signature="setup()[pri:0, instance:com.tutourialsninja.qa.testcases.LoginTest@9597028]" started-at="2023-12-07T17:08:20 IST" name="setup" finished-at="2023-12-07T17:08:25 IST" duration-ms="4791" status="PASS">
          <reporter-output>
          </reporter-output>
        </test-method> <!-- setup -->
        <test-method signature="verifyLoginWithinvalidCredential()[pri:2, instance:com.tutourialsninja.qa.testcases.LoginTest@9597028]" started-at="2023-12-07T17:08:25 IST" name="verifyLoginWithinvalidCredential" finished-at="2023-12-07T17:08:28 IST" duration-ms="3569" status="PASS">
          <reporter-output>
          </reporter-output>
        </test-method> <!-- verifyLoginWithinvalidCredential -->
        <test-method is-config="true" signature="teardown()[pri:0, instance:com.tutourialsninja.qa.testcases.LoginTest@9597028]" started-at="2023-12-07T17:08:28 IST" name="teardown" finished-at="2023-12-07T17:08:28 IST" duration-ms="204" status="PASS">
          <reporter-output>
          </reporter-output>
        </test-method> <!-- teardown -->
        <test-method is-config="true" signature="setup()[pri:0, instance:com.tutourialsninja.qa.testcases.LoginTest@9597028]" started-at="2023-12-07T17:08:28 IST" name="setup" finished-at="2023-12-07T17:08:34 IST" duration-ms="5395" status="PASS">
          <reporter-output>
          </reporter-output>
        </test-method> <!-- setup -->
        <test-method signature="verifyLoginWithInvalidEmailAndValidPassword()[pri:3, instance:com.tutourialsninja.qa.testcases.LoginTest@9597028]" started-at="2023-12-07T17:08:34 IST" name="verifyLoginWithInvalidEmailAndValidPassword" finished-at="2023-12-07T17:08:37 IST" duration-ms="3542" status="PASS">
          <reporter-output>
          </reporter-output>
        </test-method> <!-- verifyLoginWithInvalidEmailAndValidPassword -->
        <test-method is-config="true" signature="teardown()[pri:0, instance:com.tutourialsninja.qa.testcases.LoginTest@9597028]" started-at="2023-12-07T17:08:37 IST" name="teardown" finished-at="2023-12-07T17:08:37 IST" duration-ms="167" status="PASS">
          <reporter-output>
          </reporter-output>
        </test-method> <!-- teardown -->
        <test-method is-config="true" signature="setup()[pri:0, instance:com.tutourialsninja.qa.testcases.LoginTest@9597028]" started-at="2023-12-07T17:08:37 IST" name="setup" finished-at="2023-12-07T17:08:42 IST" duration-ms="4674" status="PASS">
          <reporter-output>
          </reporter-output>
        </test-method> <!-- setup -->
        <test-method signature="verifyLoginWithValidEmailAndInvalidPassword()[pri:4, instance:com.tutourialsninja.qa.testcases.LoginTest@9597028]" started-at="2023-12-07T17:08:42 IST" name="verifyLoginWithValidEmailAndInvalidPassword" finished-at="2023-12-07T17:08:46 IST" duration-ms="3529" status="PASS">
          <reporter-output>
          </reporter-output>
        </test-method> <!-- verifyLoginWithValidEmailAndInvalidPassword -->
        <test-method is-config="true" signature="teardown()[pri:0, instance:com.tutourialsninja.qa.testcases.LoginTest@9597028]" started-at="2023-12-07T17:08:46 IST" name="teardown" finished-at="2023-12-07T17:08:46 IST" duration-ms="187" status="PASS">
          <reporter-output>
          </reporter-output>
        </test-method> <!-- teardown -->
        <test-method is-config="true" signature="setup()[pri:0, instance:com.tutourialsninja.qa.testcases.LoginTest@9597028]" started-at="2023-12-07T17:08:46 IST" name="setup" finished-at="2023-12-07T17:08:51 IST" duration-ms="4749" status="PASS">
          <reporter-output>
          </reporter-output>
        </test-method> <!-- setup -->
        <test-method signature="verifyLoginWithoutProvidingCredential()[pri:5, instance:com.tutourialsninja.qa.testcases.LoginTest@9597028]" started-at="2023-12-07T17:08:51 IST" name="verifyLoginWithoutProvidingCredential" finished-at="2023-12-07T17:08:54 IST" duration-ms="3450" status="PASS">
          <reporter-output>
          </reporter-output>
        </test-method> <!-- verifyLoginWithoutProvidingCredential -->
        <test-method is-config="true" signature="teardown()[pri:0, instance:com.tutourialsninja.qa.testcases.LoginTest@9597028]" started-at="2023-12-07T17:08:54 IST" name="teardown" finished-at="2023-12-07T17:08:54 IST" duration-ms="183" status="PASS">
          <reporter-output>
          </reporter-output>
        </test-method> <!-- teardown -->
      </class> <!-- com.tutourialsninja.qa.testcases.LoginTest -->
    </test> <!-- TutorialsNinja Tests -->
  </suite> <!-- TutorialsNinja Automation Suite -->
</testng-results>
