<?xml version="1.0" encoding="UTF-8"?>
<testsuite xmlns:xsi="http://www.w3.org/2001/XMLSchema-instance" xsi:noNamespaceSchemaLocation="https://maven.apache.org/surefire/maven-surefire-plugin/xsd/surefire-test-report-3.0.xsd" version="3.0" name="TestSuite" time="118.239" tests="12" errors="0" skipped="0" failures="0">
  <properties>
[...]
</properties>
  <testcase name="verifyLoginWithValidCredential[[Ljava.lang.Object;@4375b013](1)" classname="com.tutourialsninja.qa.testcases.LoginTest" time="3.696">
    <system-out><![CDATA[File path: C:\Users\User\eclipse-workspace\TutourialsNinjaProj\test-output\ExtentReports\extentReport.html
Email: sardhaduttaparida@gmail.com
Password: 12345
]]></system-out>
    <system-err><![CDATA[SLF4J: No SLF4J providers were found.
SLF4J: Defaulting to no-operation (NOP) logger implementation
SLF4J: See https://www.slf4j.org/codes.html#noProviders for further details.
Dec 07, 2023 5:08:12 PM org.openqa.selenium.devtools.CdpVersionFinder findNearestMatch
WARNING: Unable to find an exact match for CDP version 119, so returning the closest version found: 115
]]></system-err>
  </testcase>
  <testcase name="verifyLoginWithinvalidCredential" classname="com.tutourialsninja.qa.testcases.LoginTest" time="3.568">
    <system-err><![CDATA[Dec 07, 2023 5:08:21 PM org.openqa.selenium.devtools.CdpVersionFinder findNearestMatch
WARNING: Unable to find an exact match for CDP version 119, so returning the closest version found: 115
]]></system-err>
  </testcase>
  <testcase name="verifyLoginWithInvalidEmailAndValidPassword" classname="com.tutourialsninja.qa.testcases.LoginTest" time="3.542">
    <system-err><![CDATA[Dec 07, 2023 5:08:29 PM org.openqa.selenium.devtools.CdpVersionFinder findNearestMatch
WARNING: Unable to find an exact match for CDP version 119, so returning the closest version found: 115
]]></system-err>
  </testcase>
  <testcase name="verifyLoginWithValidEmailAndInvalidPassword" classname="com.tutourialsninja.qa.testcases.LoginTest" time="3.528">
    <system-err><![CDATA[Dec 07, 2023 5:08:38 PM org.openqa.selenium.devtools.CdpVersionFinder findNearestMatch
WARNING: Unable to find an exact match for CDP version 119, so returning the closest version found: 115
]]></system-err>
  </testcase>
  <testcase name="verifyLoginWithoutProvidingCredential" classname="com.tutourialsninja.qa.testcases.LoginTest" time="3.45">
    <system-err><![CDATA[Dec 07, 2023 5:08:47 PM org.openqa.selenium.devtools.CdpVersionFinder findNearestMatch
WARNING: Unable to find an exact match for CDP version 119, so returning the closest version found: 115
]]></system-err>
  </testcase>
  <testcase name="verifyRegisteringAnAccountWithMandatoryFields" classname="com.tutourialsninja.qa.testcases.RegisterTest" time="4.077">
    <system-err><![CDATA[Dec 07, 2023 5:08:55 PM org.openqa.selenium.devtools.CdpVersionFinder findNearestMatch
WARNING: Unable to find an exact match for CDP version 119, so returning the closest version found: 115
]]></system-err>
  </testcase>
  <testcase name="verifyRegisteringAccountByProvidingAllFielids" classname="com.tutourialsninja.qa.testcases.RegisterTest" time="4.05">
    <system-err><![CDATA[Dec 07, 2023 5:09:05 PM org.openqa.selenium.devtools.CdpVersionFinder findNearestMatch
WARNING: Unable to find an exact match for CDP version 119, so returning the closest version found: 115
]]></system-err>
  </testcase>
  <testcase name="verifyRegisteringAccountWithExistingEmailAddress" classname="com.tutourialsninja.qa.testcases.RegisterTest" time="3.954">
    <system-err><![CDATA[Dec 07, 2023 5:09:14 PM org.openqa.selenium.devtools.CdpVersionFinder findNearestMatch
WARNING: Unable to find an exact match for CDP version 119, so returning the closest version found: 115
]]></system-err>
  </testcase>
  <testcase name="verifyRegisteringAccountWithoutFillingAnyDetails" classname="com.tutourialsninja.qa.testcases.RegisterTest" time="18.462">
    <system-err><![CDATA[Dec 07, 2023 5:09:24 PM org.openqa.selenium.devtools.CdpVersionFinder findNearestMatch
WARNING: Unable to find an exact match for CDP version 119, so returning the closest version found: 115
]]></system-err>
  </testcase>
  <testcase name="verifySearchWithValidProduct" classname="com.tutourialsninja.qa.testcases.SearchTest" time="0.469">
    <system-err><![CDATA[Dec 07, 2023 5:09:49 PM org.openqa.selenium.devtools.CdpVersionFinder findNearestMatch
WARNING: Unable to find an exact match for CDP version 119, so returning the closest version found: 115
]]></system-err>
  </testcase>
  <testcase name="verifySearchWithInvalidProduct" classname="com.tutourialsninja.qa.testcases.SearchTest" time="0.411">
    <system-err><![CDATA[Dec 07, 2023 5:09:55 PM org.openqa.selenium.devtools.CdpVersionFinder findNearestMatch
WARNING: Unable to find an exact match for CDP version 119, so returning the closest version found: 115
]]></system-err>
  </testcase>
  <testcase name="verifySearchWithoutAnyProduct" classname="com.tutourialsninja.qa.testcases.SearchTest" time="0.307">
    <system-err><![CDATA[Dec 07, 2023 5:10:00 PM org.openqa.selenium.devtools.CdpVersionFinder findNearestMatch
WARNING: Unable to find an exact match for CDP version 119, so returning the closest version found: 115
]]></system-err>
  </testcase>
</testsuite>