<?xml version="1.0" encoding="UTF-8"?>
<!-- Generated by org.testng.reporters.JUnitXMLReporter -->
<testsuite ignored="0" hostname="LD-SARDHADUTTA" failures="0" tests="12" name="TutorialsNinja Tests" time="117.005" errors="0" timestamp="2023-12-07T17:10:06 IST">
  <testcase classname="com.tutourialsninja.qa.testcases.LoginTest" name="verifyLoginWithValidCredential" time="3.699"/>
  <testcase classname="com.tutourialsninja.qa.testcases.LoginTest" name="verifyLoginWithinvalidCredential" time="3.569"/>
  <testcase classname="com.tutourialsninja.qa.testcases.LoginTest" name="verifyLoginWithInvalidEmailAndValidPassword" time="3.542"/>
  <testcase classname="com.tutourialsninja.qa.testcases.LoginTest" name="verifyLoginWithValidEmailAndInvalidPassword" time="3.529"/>
  <testcase classname="com.tutourialsninja.qa.testcases.LoginTest" name="verifyLoginWithoutProvidingCredential" time="3.45"/>
  <testcase classname="com.tutourialsninja.qa.testcases.RegisterTest" name="verifyRegisteringAnAccountWithMandatoryFields" time="4.077"/>
  <testcase classname="com.tutourialsninja.qa.testcases.RegisterTest" name="verifyRegisteringAccountByProvidingAllFielids" time="4.05"/>
  <testcase classname="com.tutourialsninja.qa.testcases.RegisterTest" name="verifyRegisteringAccountWithExistingEmailAddress" time="3.953"/>
  <testcase classname="com.tutourialsninja.qa.testcases.RegisterTest" name="verifyRegisteringAccountWithoutFillingAnyDetails" time="18.463"/>
  <testcase classname="com.tutourialsninja.qa.testcases.SearchTest" name="verifySearchWithValidProduct" time="0.471"/>
  <testcase classname="com.tutourialsninja.qa.testcases.SearchTest" name="verifySearchWithInvalidProduct" time="0.411"/>
  <testcase classname="com.tutourialsninja.qa.testcases.SearchTest" name="verifySearchWithoutAnyProduct" time="0.308"/>
</testsuite> <!-- TutorialsNinja Tests -->
